<?xml version="1.0" encoding="UTF-8"?>
<testsuites name="Test_Suit1" time="5.094" tests="1" failures="0" errors="0">
   <testsuite name="Test_Suit1" tests="1" failures="0" errors="0" time="5.094" skipped="0" timestamp="2023-11-03 16:05:29" hostname="DS009$ - DS009.step.com" id="Test Suites/Test_Suit1">
      <properties>
         <property name="deviceName" value=""/>
         <property name="devicePlatform" value=""/>
         <property name="logFolder" value="C:\\Users\\Rohit Dhanwade\\git\\Katalon_Code\\Reports\\20231103_160521\\Test_Suit1\\20231103_160526"/>
         <property name="logFiles" value="C:\\Users\\Rohit Dhanwade\\git\\Katalon_Code\\Reports\\20231103_160521\\Test_Suit1\\20231103_160526\\execution0.log"/>
         <property name="attachments" value="C:\\Users\\Rohit Dhanwade\\git\\Katalon_Code\\Reports\\20231103_160521\\Test_Suit1\\20231103_160526\\1699007732784.png, C:\\Users\\Rohit Dhanwade\\git\\Katalon_Code\\Reports\\20231103_160521\\Test_Suit1\\20231103_160526\\1699007734091.png"/>
         <property name="hostName" value="DS009$ - DS009.step.com"/>
         <property name="os" value="Windows 10 64bit"/>
         <property name="katalonVersion" value="9.0.0.212"/>
         <property name="browser" value="Chrome 119.0.0.0"/>
         <property name="hostAddress" value="192.168.0.145"/>
         <property name="sessionId" value="8716c0c7d351cb5c6d9a593dbdf628a3"/>
         <property name="seleniumVersion" value="3.141.59"/>
         <property name="proxyInformation" value="ProxyInformation { proxyOption=NO_PROXY, proxyServerType=HTTP, username=, password=********, proxyServerAddress=, proxyServerPort=0, executionList=&quot;&quot;, isApplyToDesiredCapabilities=true }"/>
         <property name="platform" value="Windows 10"/>
      </properties>
      <testcase name="Test Cases/login" time="4.982" classname="Test Cases/login" status="PASSED">
         <system-out><![CDATA[2023-11-03 16:05:29 - [TEST_CASE][PASSED] - Test Cases/login: Test Cases/login

2023-11-03 16:05:29 - [TEST_STEP][PASSED] - openBrowser("https://www.facebook.com"): Browser is opened with url: 'https://www.facebook.com'

2023-11-03 16:05:29 - [MESSAGE][INFO] - Starting 'Chrome' driver

2023-11-03 16:05:29 - [MESSAGE][INFO] - Action delay is set to 0 milliseconds

2023-11-03 16:05:31 - [MESSAGE][PASSED] - Browser is opened with url: 'https://www.facebook.com'

2023-11-03 16:05:31 - [TEST_STEP][PASSED] - setText(findTestObject("Page_Facebook  log in or sign up/Username"), "Rohit"): Text 'Rohit' is set on object 'Object Repository/Page_Facebook  log in or sign up/Username'

2023-11-03 16:05:32 - [MESSAGE][PASSED] - Text 'Rohit' is set on object 'Object Repository/Page_Facebook  log in or sign up/Username'

2023-11-03 16:05:32 - [TEST_STEP][PASSED] - takeScreenshot(): Taking screenshot successfully

2023-11-03 16:05:32 - [MESSAGE][PASSED] - Taking screenshot successfully
[[ATTACHMENT|C:\\Users\\Rohit Dhanwade\\git\\Katalon_Code\\Reports\\20231103_160521\\Test_Suit1\\20231103_160526\\1699007732784.png]]

2023-11-03 16:05:32 - [TEST_STEP][PASSED] - click(findTestObject("Password")): Object: 'Object Repository/Password' is clicked on

2023-11-03 16:05:33 - [MESSAGE][PASSED] - Object: 'Object Repository/Password' is clicked on

2023-11-03 16:05:33 - [TEST_STEP][PASSED] - setText(findTestObject("Password"), Password): Text 'Password' is set on object 'Object Repository/Password'

2023-11-03 16:05:33 - [MESSAGE][PASSED] - Text 'Password' is set on object 'Object Repository/Password'

2023-11-03 16:05:33 - [TEST_STEP][PASSED] - takeScreenshot(): Taking screenshot successfully

2023-11-03 16:05:34 - [MESSAGE][PASSED] - Taking screenshot successfully
[[ATTACHMENT|C:\\Users\\Rohit Dhanwade\\git\\Katalon_Code\\Reports\\20231103_160521\\Test_Suit1\\20231103_160526\\1699007734091.png]]]]></system-out>
         <system-err><![CDATA[]]></system-err>
      </testcase>
      <system-out><![CDATA[2023-11-03 16:05:29 - [TEST_SUITE][PASSED] - Test_Suit1: Test Cases/login]]></system-out>
      <system-err><![CDATA[]]></system-err>
   </testsuite>
</testsuites>
