<?xml version="1.0" encoding="UTF-8"?>
<testsuites name="Test_Suit1" time="0.31" tests="1" failures="0" errors="0">
   <testsuite name="Test_Suit1" tests="1" failures="0" errors="0" time="0.31" skipped="0" timestamp="2023-10-30 14:21:29" hostname="DS009$ - DS009.step.com" id="Test Suites/Test_Suit1">
      <properties>
         <property name="deviceName" value=""/>
         <property name="devicePlatform" value=""/>
         <property name="logFolder" value="C:\\Users\\Rohit Dhanwade\\git\\Katalon_Code\\Reports\\20231030_142125\\Test_Suit1\\20231030_142126"/>
         <property name="logFiles" value="C:\\Users\\Rohit Dhanwade\\git\\Katalon_Code\\Reports\\20231030_142125\\Test_Suit1\\20231030_142126\\execution0.log"/>
         <property name="attachments" value=""/>
         <property name="hostName" value="DS009$ - DS009.step.com"/>
         <property name="hostAddress" value="192.168.0.145"/>
         <property name="os" value="Windows 10 64bit"/>
         <property name="katalonVersion" value="9.0.0.212"/>
      </properties>
      <testcase name="Test Cases/login" time="0.14" classname="Test Cases/login" status="PASSED">
         <system-out><![CDATA[2023-10-30 14:21:29 - [TEST_CASE][PASSED] - Test Cases/login: Test Cases/login

2023-10-30 14:21:29 - [TEST_STEP][PASSED] - println("Hello"): null

2023-10-30 14:21:29 - [TEST_STEP][PASSED] - println("Hii"): null

2023-10-30 14:21:29 - [TEST_STEP][PASSED] - println("Hii"): null

2023-10-30 14:21:29 - [TEST_STEP][PASSED] - println("Hii"): null

2023-10-30 14:21:29 - [TEST_STEP][PASSED] - println("Hii"): null]]></system-out>
         <system-err><![CDATA[]]></system-err>
      </testcase>
      <system-out><![CDATA[2023-10-30 14:21:29 - [TEST_SUITE][PASSED] - Test_Suit1: Test Cases/login]]></system-out>
      <system-err><![CDATA[]]></system-err>
   </testsuite>
</testsuites>
